<?xml version="1.0" encoding="UTF-8"?>
<!-- Generated by org.testng.reporters.JUnitXMLReporter -->
<testsuite ignored="0" hostname="LAPTOP-L36TRD7L" failures="0" tests="2" name="Test" time="12.305" errors="0" timestamp="2023-10-22T11:15:19 IST">
  <testcase classname="utilites.Baseclass" name="@BeforeMethod login" time="0.003">
    <failure type="java.lang.NullPointerException" message="Cannot invoke &amp;quot;org.openqa.selenium.SearchContext.findElement(org.openqa.selenium.By)&amp;quot; because &amp;quot;this.searchContext&amp;quot; is null">
      <![CDATA[java.lang.NullPointerException: Cannot invoke "org.openqa.selenium.SearchContext.findElement(org.openqa.selenium.By)" because "this.searchContext" is null
at org.openqa.selenium.support.pagefactory.DefaultElementLocator.findElement(DefaultElementLocator.java:70)
at org.openqa.selenium.support.pagefactory.internal.LocatingElementHandler.invoke(LocatingElementHandler.java:39)
at jdk.proxy2/jdk.proxy2.$Proxy14.getText(Unknown Source)
at utilites.Baseclass.login(Baseclass.java:99)
at java.base/java.util.ArrayList.forEach(ArrayList.java:1511)
... Removed 29 stack frames]]>
    </failure>
  </testcase> <!-- @BeforeMethod login -->
  <testcase classname="utilites.Baseclass" name="@AfterMethod logout" time="-1.697953519174E9">
    <skipped/>
  </testcase> <!-- @AfterMethod logout -->
  <testcase classname="utilites.Baseclass" name="@BeforeMethod login" time="-1.697953519187E9">
    <skipped/>
  </testcase> <!-- @BeforeMethod login -->
  <testcase classname="utilites.Baseclass" name="@AfterMethod logout" time="-1.697953519642E9">
    <skipped/>
  </testcase> <!-- @AfterMethod logout -->
  <testcase classname="utilites.Baseclass" name="@AfterClass teardown" time="-1.697953519646E9">
    <skipped/>
  </testcase> <!-- @AfterClass teardown -->
  <testcase classname="utilites.Baseclass" name="Sumbit" time="0.0">
    <skipped/>
  </testcase> <!-- Sumbit -->
  <testcase classname="utilites.Baseclass" name="Doubleclick" time="0.0">
    <skipped/>
  </testcase> <!-- Doubleclick -->
</testsuite> <!-- Test -->
